[20:10:48.954][INFO]: Successfully identified and loaded plugin botania:default
[20:10:48.973][INFO]: Successfully identified and loaded plugin jeitweaker:default
[20:10:49.021][INFO]: Successfully identified and loaded plugin crafttweaker:builtin
[20:10:49.025][INFO]: Successfully identified and loaded plugin crafttweaker:builtin_forge
[20:10:49.030][INFO]: Successfully identified and loaded plugin mekanism:crt_plugin
[20:10:49.034][INFO]: Successfully identified and loaded plugin immersiveengineering:ct_module
[20:10:54.202][INFO]: The following mods have explicit CraftTweaker support through the default plugin:
[20:10:54.205][INFO]: - 'botania' at version '1.18.2-435'
[20:10:54.205][INFO]: - 'crafttweaker' at version '9.1.205'
[20:10:54.205][INFO]: - 'immersiveengineering' at version '1.18.2-8.2.2-154'
[20:10:54.205][INFO]: - 'initialinventory' at version '6.0.8'
[20:10:54.205][INFO]: - 'jeitweaker' at version '3.0.0.8'
[20:10:54.205][INFO]: - 'mekanism' at version '10.2.5'
[20:10:54.205][INFO]: - 'mysticalagriculture' at version '5.1.0'
[20:10:54.205][INFO]: - 'projecte' at version '1.0.1'
[20:10:54.205][INFO]: - 'thermal' at version '9.2.0.46'
[20:10:54.205][INFO]: - 'thermal_foundation' at version '9.2.0.46'
[20:11:02.239][INFO]: Started loading scripts for loader 'mekanismcontent'
[20:11:02.433][INFO]: Compiling and executing scripts
[20:11:02.783][INFO]: Successfully initialized modules [mods, crafttweaker, expansions]
[20:11:02.863][INFO]: Execution for loader 'mekanismcontent' completed successfully
[20:11:02.863][INFO]: Registering 0 custom gases.
[20:11:02.870][INFO]: Registering 0 custom infuse types.
[20:11:02.879][INFO]: Registering 0 custom pigments.
[20:11:02.884][INFO]: Registering 0 custom robit skins.
[20:11:02.888][INFO]: Registering 0 custom slurries.
[20:11:08.895][INFO]: Started loading scripts for loader 'initialize'
[20:11:08.947][INFO]: Compiling and executing scripts
[20:11:08.949][INFO]: Successfully initialized modules [crafttweaker, expansions]
[20:11:08.976][INFO]: Execution for loader 'initialize' completed successfully
[20:13:17.696][INFO]: Started loading scripts for loader 'tags'
[20:13:17.709][INFO]: Compiling and executing scripts
[20:13:17.711][INFO]: Successfully initialized modules [crafttweaker, expansions]
[20:13:17.717][INFO]: Execution for loader 'tags' completed successfully
[20:13:27.309][INFO]: Started loading scripts for loader 'crafttweaker'
[20:13:27.319][INFO]: Compiling and executing scripts
[20:13:27.399][INFO]: Successfully initialized modules [mods, crafttweaker, expansions]
[20:13:27.406][INFO]: Execution for loader 'crafttweaker' completed successfully
