[20:11:32][modloading-worker-0] Starting futurepack 33.0.7482
[20:11:32][modloading-worker-0] Debug Enabled: false
[20:11:32][Thread-0] FP config just got changed on the file system!
[20:11:32][Thread-49] null
[20:12:27][FP-Menue Thread] Starting Menue Thread
[20:45:53][Render thread] Added class net.minecraft.world.inventory.CraftingMenu to allowed Research-Crafting containers (Player:private final net.minecraft.world.entity.player.Player net.minecraft.world.inventory.CraftingMenu.f_39351_)
[20:46:7][Render thread] Unable to determine player for class com.buuz135.industrial.utils.CraftingUtils$1 (Examined Fields:[])
[20:46:13][Render thread] Added 204 recipes for futurepack:crusher
[20:46:13][Render thread] Added 25 recipes for futurepack:furnace.industrial.neon
[20:46:13][Render thread] Added 33 recipes for futurepack:recycler
[20:46:13][Render thread] Added 36 recipes for futurepack:recycler
[20:46:13][Render thread] Added 10 recipes for futurepack:furnace.industrial
[20:46:13][Render thread] Added 91 recipes for futurepack:zentrifuge
[20:46:13][Render thread] Added 703 recipes for futurepack:recycler
[20:46:14][Render thread] Added 39 recipes for futurepack:assembly
[20:50:47][Render thread] Added 204 recipes for futurepack:crusher
[20:50:47][Render thread] Added 25 recipes for futurepack:furnace.industrial.neon
[20:50:47][Render thread] Added 33 recipes for futurepack:recycler
[20:50:47][Render thread] Added 36 recipes for futurepack:recycler
[20:50:47][Render thread] Added 10 recipes for futurepack:furnace.industrial
[20:50:47][Render thread] Added 91 recipes for futurepack:zentrifuge
[20:50:47][Render thread] Added 703 recipes for futurepack:recycler
[20:50:47][Render thread] Added 39 recipes for futurepack:assembly
